<?xml version="1.0" encoding="UTF-8"?>
<testng-results total="1" passed="1" failed="0" skipped="0">
  <reporter-output>
  </reporter-output>
  <suite started-at="2022-11-07T05:00:59Z" name="Suite" finished-at="2022-11-07T05:01:29Z" duration-ms="29360">
    <groups>
    </groups>
    <test started-at="2022-11-07T05:00:59Z" name="SampleTest" finished-at="2022-11-07T05:01:29Z" duration-ms="29360">
      <class name="testpackage.Testclass">
        <test-method is-config="true" signature="chromelaunch()[pri:0, instance:testpackage.Testclass@4ff4357f]" started-at="2022-11-07T10:30:59Z" name="chromelaunch" finished-at="2022-11-07T10:31:26Z" duration-ms="26852" status="PASS">
          <reporter-output>
          </reporter-output>
        </test-method> <!-- chromelaunch -->
        <test-method signature="homepage_keysenter(java.lang.String, java.lang.String)[pri:1, instance:testpackage.Testclass@4ff4357f]" started-at="2022-11-07T10:31:27Z" name="homepage_keysenter" description="TestCheck" data-provider="sampledata" finished-at="2022-11-07T10:31:28Z" duration-ms="348" status="PASS">
          <params>
            <param index="0">
              <value>
                <![CDATA[jacky]]>
              </value>
            </param>
            <param index="1">
              <value>
                <![CDATA[jacky@123]]>
              </value>
            </param>
          </params>
          <reporter-output>
          </reporter-output>
        </test-method> <!-- homepage_keysenter -->
        <test-method is-config="true" signature="getResult(org.testng.ITestResult)[pri:0, instance:testpackage.Testclass@4ff4357f]" started-at="2022-11-07T10:31:28Z" name="getResult" finished-at="2022-11-07T10:31:28Z" duration-ms="324" status="PASS">
          <params>
            <param index="0">
              <value>
                <![CDATA[[TestResult name=homepage_keysenter status=SUCCESS method=Testclass.homepage_keysenter(java.lang.String, java.lang.String)[pri:1, instance:testpackage.Testclass@4ff4357f] output={null}]]]>
              </value>
            </param>
          </params>
          <reporter-output>
          </reporter-output>
        </test-method> <!-- getResult -->
        <test-method is-config="true" signature="driverclose()[pri:0, instance:testpackage.Testclass@4ff4357f]" started-at="2022-11-07T10:31:28Z" name="driverclose" finished-at="2022-11-07T10:31:29Z" duration-ms="841" status="PASS">
          <reporter-output>
          </reporter-output>
        </test-method> <!-- driverclose -->
      </class> <!-- testpackage.Testclass -->
    </test> <!-- SampleTest -->
  </suite> <!-- Suite -->
</testng-results>
