<?xml version="1.0" encoding="UTF-8"?>
<testng-results ignored="0" total="1" passed="1" failed="0" skipped="0">
  <reporter-output>
  </reporter-output>
  <suite started-at="2022-11-07T10:14:27 IST" name="Suite" finished-at="2022-11-07T10:14:47 IST" duration-ms="20462">
    <groups>
    </groups>
    <test started-at="2022-11-07T10:14:27 IST" name="SampleTest" finished-at="2022-11-07T10:14:47 IST" duration-ms="20462">
      <class name="testpackage.Testclass">
        <test-method is-config="true" signature="chromelaunch()[pri:0, instance:testpackage.Testclass@79207381]" started-at="2022-11-07T10:14:27 IST" name="chromelaunch" finished-at="2022-11-07T10:14:45 IST" duration-ms="18093" status="PASS">
          <reporter-output>
          </reporter-output>
        </test-method> <!-- chromelaunch -->
        <test-method signature="homepage_keysenter(java.lang.String,java.lang.String)[pri:1, instance:testpackage.Testclass@79207381]" started-at="2022-11-07T10:14:46 IST" name="homepage_keysenter" description="TestCheck" data-provider="sampledata" finished-at="2022-11-07T10:14:46 IST" duration-ms="308" status="PASS">
          <params>
            <param index="0">
              <value>
                <![CDATA[jacky]]>
              </value>
            </param>
            <param index="1">
              <value>
                <![CDATA[jacky@123]]>
              </value>
            </param>
          </params>
          <reporter-output>
          </reporter-output>
        </test-method> <!-- homepage_keysenter -->
        <test-method is-config="true" signature="getResult(org.testng.ITestResult)[pri:0, instance:testpackage.Testclass@79207381]" started-at="2022-11-07T10:14:46 IST" name="getResult" finished-at="2022-11-07T10:14:46 IST" duration-ms="280" status="PASS">
          <params>
            <param index="0">
              <value>
                <![CDATA[[TestResult name=homepage_keysenter status=SUCCESS method=Testclass.homepage_keysenter(java.lang.String,java.lang.String)[pri:1, instance:testpackage.Testclass@79207381] output={null}]]]>
              </value>
            </param>
          </params>
          <reporter-output>
          </reporter-output>
        </test-method> <!-- getResult -->
        <test-method is-config="true" signature="driverclose()[pri:0, instance:testpackage.Testclass@79207381]" started-at="2022-11-07T10:14:46 IST" name="driverclose" finished-at="2022-11-07T10:14:47 IST" duration-ms="954" status="PASS">
          <reporter-output>
          </reporter-output>
        </test-method> <!-- driverclose -->
      </class> <!-- testpackage.Testclass -->
    </test> <!-- SampleTest -->
  </suite> <!-- Suite -->
</testng-results>
